  compilation object save succeeded; see D:\Work\Code\DX3DSim\HW3D\BlendedPhongPS.cso
  compilation object save succeeded; see D:\Work\Code\DX3DSim\HW3D\BlendedPhongVS.cso
  compilation object save succeeded; see D:\Work\Code\DX3DSim\HW3D\ColorBlendPS.cso
  compilation object save succeeded; see D:\Work\Code\DX3DSim\HW3D\ColorBlendVS.cso
  compilation object save succeeded; see D:\Work\Code\DX3DSim\HW3D\IndexedPhongPS.cso
  compilation object save succeeded; see D:\Work\Code\DX3DSim\HW3D\SolidPS.cso
  compilation object save succeeded; see D:\Work\Code\DX3DSim\HW3D\SolidVS.cso
  compilation object save succeeded; see D:\Work\Code\DX3DSim\HW3D\PhongPS.cso
  compilation object save succeeded; see D:\Work\Code\DX3DSim\HW3D\PhongVS.cso
  compilation object save succeeded; see D:\Work\Code\DX3DSim\HW3D\TexturedPhongPS.cso
  compilation object save succeeded; see D:\Work\Code\DX3DSim\HW3D\TexturedPhongVS.cso
  compilation object save succeeded; see D:\Work\Code\DX3DSim\HW3D\TexturePS.cso
  compilation object save succeeded; see D:\Work\Code\DX3DSim\HW3D\TextureVS.cso
  App.cpp
  AssTest.cpp
  Bindable.cpp
  Box.cpp
  Camera.cpp
  ChiliException.cpp
  ChiliTimer.cpp
  Cylinder.cpp
  Drawable.cpp
  dxerr.cpp
  DxgiInfoManager.cpp
  GDIPlusManager.cpp
  Graphics.cpp
  ImguiManager.cpp
  imgui.cpp
  imgui_demo.cpp
  imgui_draw.cpp
  imgui_impl_dx11.cpp
  imgui_impl_win32.cpp
  imgui_widgets.cpp
  IndexBuffer.cpp
  InputLayout.cpp
  Keyboard.cpp
  PointLight.cpp
  SolidSphere.cpp
  Mouse.cpp
  PixelShader.cpp
  Pyramid.cpp
  Sampler.cpp
  Sheet.cpp
  SkinnedBox.cpp
  Surface.cpp
  Texture.cpp
  Topology.cpp
  TransformCbuf.cpp
  VertexBuffer.cpp
  VertexShader.cpp
  Window.cpp
  WindowsMessageMap.cpp
  WinMain.cpp
  HW3D.vcxproj -> D:\Work\Code\DX3DSim\x64\Debug\HW3D.exe
